<?xml version="1.0" encoding="UTF-8"?>
<Site BuildName="Win32-MSBuild"
	BuildStamp="20260818-0142-Experimental"
	Name="DESKTOP-ORIGVH1"
	Generator="ctest-4.4.0"
	CompilerName="C:/Program Files (x86)/Microsoft Visual Studio/2019/Community/VC/Tools/MSVC/14.29.30133/bin/Hostx64/x64/cl.exe"
	CompilerVersion="19.29.30152.0"
	OSName="Windows"
	Hostname="DESKTOP-ORIGVH1"
	OSRelease="10.0.26200"
	OSVersion="Windows 10"
	OSPlatform="AMD64"
	Is64Bits="1"
	VendorString="AuthenticAMD"
	VendorID="Advanced Micro Devices"
	FamilyID="15"
	ModelID="4"
	ModelName="AMD Ryzen 5 7535HS with Radeon Graphics"
	ProcessorCacheSize="64"
	NumberOfLogicalCPU="12"
	NumberOfPhysicalCPU="6"
	TotalVirtualMemory="18432"
	TotalPhysicalMemory="31957"
	LogicalProcessorsPerPhysical="2"
	ProcessorClockFrequency="3301.000000"
	>
	<Testing>
		<StartDateTime>Aug 17 21:43 Eastern Daylight Time</StartDateTime>
		<StartTestTime>1787017402</StartTestTime>
		<TestList/>
		<EndDateTime>Aug 17 21:43 Eastern Daylight Time</EndDateTime>
		<EndTestTime>1787017402</EndTestTime>
		<ElapsedMinutes>0</ElapsedMinutes>
	</Testing>
</Site>
