<?xml version="1.0" encoding="UTF-8"?>
<Site BuildName="Win32-gmake"
	BuildStamp="20260711-2055-Experimental"
	Name="DESKTOP-ORIGVH1"
	Generator="ctest-3.20.21032501-MSVC_2"
	CompilerName="C:/Dwimperl/c/bin/c++.exe"
	CompilerVersion="4.4.3"
	OSName="Windows"
	Hostname="DESKTOP-ORIGVH1"
	OSRelease=" Personal"
	OSVersion=" (Build 26200)"
	OSPlatform="AMD64"
	Is64Bits="1"
	VendorString="AuthenticAMD"
	VendorID="Advanced Micro Devices"
	FamilyID="15"
	ModelID="4"
	ProcessorCacheSize="64"
	NumberOfLogicalCPU="12"
	NumberOfPhysicalCPU="6"
	TotalVirtualMemory="51576"
	TotalPhysicalMemory="31957"
	LogicalProcessorsPerPhysical="2"
	ProcessorClockFrequency="3293"
	>
	<Testing>
		<StartDateTime>Jul 11 17:42 Eastern Daylight Time</StartDateTime>
		<StartTestTime>1783806179</StartTestTime>
		<TestList/>
		<EndDateTime>Jul 11 17:42 Eastern Daylight Time</EndDateTime>
		<EndTestTime>1783806179</EndTestTime>
		<ElapsedMinutes>0</ElapsedMinutes>
	</Testing>
</Site>
